app/build/intermediates/manifest_merge_blame_file/debug/manifest-merger-blame-debug-report.txt
1<?xml version="1.0" encoding="utf-8"?>
2<manifest xmlns:android="http://schemas.android.com/apk/res/android"
3    package="com.safepulse"
4    android:versionCode="1"
5    android:versionName="1.0" >
6
7    <uses-sdk
8        android:minSdkVersion="26"
9        android:targetSdkVersion="34" />
10
11    <!-- Location Permissions -->
12    <uses-permission android:name="android.permission.ACCESS_FINE_LOCATION" />
12-->src\main\AndroidManifest.xml:6:5-79
12-->src\main\AndroidManifest.xml:6:22-76
13    <uses-permission android:name="android.permission.ACCESS_COARSE_LOCATION" />
13-->src\main\AndroidManifest.xml:7:5-81
13-->src\main\AndroidManifest.xml:7:22-78
14    <uses-permission android:name="android.permission.ACCESS_BACKGROUND_LOCATION" />
14-->src\main\AndroidManifest.xml:8:5-85
14-->src\main\AndroidManifest.xml:8:22-82
15
16    <!-- Activity Recognition -->
17    <uses-permission android:name="android.permission.ACTIVITY_RECOGNITION" />
17-->src\main\AndroidManifest.xml:11:5-79
17-->src\main\AndroidManifest.xml:11:22-76
18
19    <!-- Communication Permissions -->
20    <uses-permission android:name="android.permission.SEND_SMS" />
20-->src\main\AndroidManifest.xml:14:5-67
20-->src\main\AndroidManifest.xml:14:22-64
21    <uses-permission android:name="android.permission.CALL_PHONE" />
21-->src\main\AndroidManifest.xml:15:5-69
21-->src\main\AndroidManifest.xml:15:22-66
22
23    <!-- Notification Permission (Android 13+) -->
24    <uses-permission android:name="android.permission.POST_NOTIFICATIONS" />
24-->src\main\AndroidManifest.xml:18:5-77
24-->src\main\AndroidManifest.xml:18:22-74
25
26    <!-- Foreground Service Permissions -->
27    <uses-permission android:name="android.permission.FOREGROUND_SERVICE" />
27-->src\main\AndroidManifest.xml:21:5-77
27-->src\main\AndroidManifest.xml:21:22-74
28    <uses-permission android:name="android.permission.FOREGROUND_SERVICE_LOCATION" />
28-->src\main\AndroidManifest.xml:22:5-86
28-->src\main\AndroidManifest.xml:22:22-83
29
30    <!-- Background Execution -->
31    <uses-permission android:name="android.permission.RECEIVE_BOOT_COMPLETED" />
31-->src\main\AndroidManifest.xml:25:5-81
31-->src\main\AndroidManifest.xml:25:22-78
32    <uses-permission android:name="android.permission.WAKE_LOCK" />
32-->src\main\AndroidManifest.xml:26:5-68
32-->src\main\AndroidManifest.xml:26:22-65
33
34    <!-- Vibration for alerts -->
35    <uses-permission android:name="android.permission.VIBRATE" />
35-->src\main\AndroidManifest.xml:29:5-66
35-->src\main\AndroidManifest.xml:29:22-63
36
37    <!-- Audio for voice trigger -->
38    <uses-permission android:name="android.permission.RECORD_AUDIO" />
38-->src\main\AndroidManifest.xml:32:5-71
38-->src\main\AndroidManifest.xml:32:22-68
39
40    <!-- Camera for emergency photo capture -->
41    <uses-permission android:name="android.permission.CAMERA" />
41-->src\main\AndroidManifest.xml:35:5-65
41-->src\main\AndroidManifest.xml:35:22-62
42
43    <uses-feature
43-->src\main\AndroidManifest.xml:36:5-91
44        android:name="android.hardware.camera.front"
44-->src\main\AndroidManifest.xml:36:19-63
45        android:required="false" />
45-->src\main\AndroidManifest.xml:36:64-88
46
47    <!-- Include required permissions for Google Maps API to run. -->
48    <uses-permission android:name="android.permission.ACCESS_NETWORK_STATE" />
48-->[com.google.android.gms:play-services-maps:18.2.0] AndroidManifest.xml:23:5-79
48-->[com.google.android.gms:play-services-maps:18.2.0] AndroidManifest.xml:23:22-76
49    <uses-permission android:name="android.permission.INTERNET" />
49-->[com.google.android.gms:play-services-maps:18.2.0] AndroidManifest.xml:24:5-67
49-->[com.google.android.gms:play-services-maps:18.2.0] AndroidManifest.xml:24:22-64
50
51    <uses-feature
51-->[com.google.android.gms:play-services-maps:18.2.0] AndroidManifest.xml:26:5-28:35
52        android:glEsVersion="0x00020000"
52-->[com.google.android.gms:play-services-maps:18.2.0] AndroidManifest.xml:27:9-41
53        android:required="true" />
53-->[com.google.android.gms:play-services-maps:18.2.0] AndroidManifest.xml:28:9-32
54
55    <queries>
55-->[com.google.android.gms:play-services-maps:18.2.0] AndroidManifest.xml:30:5-34:15
56
57        <!-- Needs to be explicitly declared on Android R+ -->
58        <package android:name="com.google.android.apps.maps" />
58-->[com.google.android.gms:play-services-maps:18.2.0] AndroidManifest.xml:33:9-64
58-->[com.google.android.gms:play-services-maps:18.2.0] AndroidManifest.xml:33:18-61
59    </queries>
60
61    <permission
61-->[androidx.core:core:1.13.0] AndroidManifest.xml:22:5-24:47
62        android:name="com.safepulse.DYNAMIC_RECEIVER_NOT_EXPORTED_PERMISSION"
62-->[androidx.core:core:1.13.0] AndroidManifest.xml:23:9-81
63        android:protectionLevel="signature" />
63-->[androidx.core:core:1.13.0] AndroidManifest.xml:24:9-44
64
65    <uses-permission android:name="com.safepulse.DYNAMIC_RECEIVER_NOT_EXPORTED_PERMISSION" />
65-->[androidx.core:core:1.13.0] AndroidManifest.xml:26:5-97
65-->[androidx.core:core:1.13.0] AndroidManifest.xml:26:22-94
66
67    <application
67-->src\main\AndroidManifest.xml:38:5-109:19
68        android:name="com.safepulse.SafePulseApplication"
68-->src\main\AndroidManifest.xml:39:9-45
69        android:allowBackup="true"
69-->src\main\AndroidManifest.xml:40:9-35
70        android:appComponentFactory="androidx.core.app.CoreComponentFactory"
70-->[androidx.core:core:1.13.0] AndroidManifest.xml:28:18-86
71        android:debuggable="true"
72        android:extractNativeLibs="false"
73        android:icon="@mipmap/ic_launcher"
73-->src\main\AndroidManifest.xml:41:9-43
74        android:label="@string/app_name"
74-->src\main\AndroidManifest.xml:42:9-41
75        android:roundIcon="@mipmap/ic_launcher_round"
75-->src\main\AndroidManifest.xml:43:9-54
76        android:supportsRtl="true"
76-->src\main\AndroidManifest.xml:44:9-35
77        android:testOnly="true"
78        android:theme="@style/Theme.SafePulse" >
78-->src\main\AndroidManifest.xml:45:9-47
79
80        <!-- Google Maps API Key -->
81        <meta-data
82            android:name="com.google.android.geo.API_KEY"
82-->src\main\AndroidManifest.xml:50:13-58
83            android:value="AIzaSyAV85IEKAlVtM5GCR03SZ24rACf5DcBiZs" />
83-->src\main\AndroidManifest.xml:51:13-44
84
85        <activity
85-->src\main\AndroidManifest.xml:53:9-62:20
86            android:name="com.safepulse.MainActivity"
86-->src\main\AndroidManifest.xml:54:13-41
87            android:exported="true"
87-->src\main\AndroidManifest.xml:55:13-36
88            android:theme="@style/Theme.SafePulse"
88-->src\main\AndroidManifest.xml:57:13-51
89            android:windowSoftInputMode="adjustResize" >
89-->src\main\AndroidManifest.xml:56:13-55
90            <intent-filter>
90-->src\main\AndroidManifest.xml:58:13-61:29
91                <action android:name="android.intent.action.MAIN" />
91-->src\main\AndroidManifest.xml:59:17-69
91-->src\main\AndroidManifest.xml:59:25-66
92
93                <category android:name="android.intent.category.LAUNCHER" />
93-->src\main\AndroidManifest.xml:60:17-77
93-->src\main\AndroidManifest.xml:60:27-74
94            </intent-filter>
95        </activity>
96
97        <!-- Safety Foreground Service -->
98        <service
98-->src\main\AndroidManifest.xml:65:9-69:67
99            android:name="com.safepulse.service.SafetyForegroundService"
99-->src\main\AndroidManifest.xml:66:13-60
100            android:enabled="true"
100-->src\main\AndroidManifest.xml:67:13-35
101            android:exported="false"
101-->src\main\AndroidManifest.xml:68:13-37
102            android:foregroundServiceType="location|microphone" />
102-->src\main\AndroidManifest.xml:69:13-64
103
104        <!-- Boot Receiver to restart service after reboot -->
105        <receiver
105-->src\main\AndroidManifest.xml:72:9-79:20
106            android:name="com.safepulse.service.BootReceiver"
106-->src\main\AndroidManifest.xml:73:13-49
107            android:enabled="true"
107-->src\main\AndroidManifest.xml:74:13-35
108            android:exported="false" >
108-->src\main\AndroidManifest.xml:75:13-37
109            <intent-filter>
109-->src\main\AndroidManifest.xml:76:13-78:29
110                <action android:name="android.intent.action.BOOT_COMPLETED" />
110-->src\main\AndroidManifest.xml:77:17-79
110-->src\main\AndroidManifest.xml:77:25-76
111            </intent-filter>
112        </receiver>
113
114        <!-- SOS Cancel Receiver -->
115        <receiver
115-->src\main\AndroidManifest.xml:82:9-85:40
116            android:name="com.safepulse.service.SOSCancelReceiver"
116-->src\main\AndroidManifest.xml:83:13-54
117            android:enabled="true"
117-->src\main\AndroidManifest.xml:84:13-35
118            android:exported="false" />
118-->src\main\AndroidManifest.xml:85:13-37
119
120        <!-- WorkManager Initializer -->
121        <provider
122            android:name="androidx.startup.InitializationProvider"
122-->src\main\AndroidManifest.xml:89:13-67
123            android:authorities="com.safepulse.androidx-startup"
123-->src\main\AndroidManifest.xml:90:13-68
124            android:exported="false" >
124-->src\main\AndroidManifest.xml:91:13-37
125            <meta-data
125-->src\main\AndroidManifest.xml:93:13-95:52
126                android:name="androidx.work.WorkManagerInitializer"
126-->src\main\AndroidManifest.xml:94:17-68
127                android:value="androidx.startup" />
127-->src\main\AndroidManifest.xml:95:17-49
128            <meta-data
128-->[androidx.emoji2:emoji2:1.3.0] AndroidManifest.xml:29:13-31:52
129                android:name="androidx.emoji2.text.EmojiCompatInitializer"
129-->[androidx.emoji2:emoji2:1.3.0] AndroidManifest.xml:30:17-75
130                android:value="androidx.startup" />
130-->[androidx.emoji2:emoji2:1.3.0] AndroidManifest.xml:31:17-49
131            <meta-data
131-->[androidx.lifecycle:lifecycle-process:2.7.0] AndroidManifest.xml:29:13-31:52
132                android:name="androidx.lifecycle.ProcessLifecycleInitializer"
132-->[androidx.lifecycle:lifecycle-process:2.7.0] AndroidManifest.xml:30:17-78
133                android:value="androidx.startup" />
133-->[androidx.lifecycle:lifecycle-process:2.7.0] AndroidManifest.xml:31:17-49
134            <meta-data
134-->[androidx.profileinstaller:profileinstaller:1.3.1] AndroidManifest.xml:29:13-31:52
135                android:name="androidx.profileinstaller.ProfileInstallerInitializer"
135-->[androidx.profileinstaller:profileinstaller:1.3.1] AndroidManifest.xml:30:17-85
136                android:value="androidx.startup" />
136-->[androidx.profileinstaller:profileinstaller:1.3.1] AndroidManifest.xml:31:17-49
137        </provider>
138
139        <!-- FileProvider for sharing emergency photos -->
140        <provider
141            android:name="androidx.core.content.FileProvider"
141-->src\main\AndroidManifest.xml:100:13-62
142            android:authorities="com.safepulse.fileprovider"
142-->src\main\AndroidManifest.xml:101:13-64
143            android:exported="false"
143-->src\main\AndroidManifest.xml:102:13-37
144            android:grantUriPermissions="true" >
144-->src\main\AndroidManifest.xml:103:13-47
145            <meta-data
145-->src\main\AndroidManifest.xml:104:13-106:54
146                android:name="android.support.FILE_PROVIDER_PATHS"
146-->src\main\AndroidManifest.xml:105:17-67
147                android:resource="@xml/file_paths" />
147-->src\main\AndroidManifest.xml:106:17-51
148        </provider>
149
150        <service
150-->[androidx.camera:camera-camera2:1.3.1] AndroidManifest.xml:24:9-33:19
151            android:name="androidx.camera.core.impl.MetadataHolderService"
151-->[androidx.camera:camera-camera2:1.3.1] AndroidManifest.xml:25:13-75
152            android:enabled="false"
152-->[androidx.camera:camera-camera2:1.3.1] AndroidManifest.xml:26:13-36
153            android:exported="false" >
153-->[androidx.camera:camera-camera2:1.3.1] AndroidManifest.xml:27:13-37
154            <meta-data
154-->[androidx.camera:camera-camera2:1.3.1] AndroidManifest.xml:30:13-32:89
155                android:name="androidx.camera.core.impl.MetadataHolderService.DEFAULT_CONFIG_PROVIDER"
155-->[androidx.camera:camera-camera2:1.3.1] AndroidManifest.xml:31:17-103
156                android:value="androidx.camera.camera2.Camera2Config$DefaultProvider" />
156-->[androidx.camera:camera-camera2:1.3.1] AndroidManifest.xml:32:17-86
157        </service>
158
159        <activity
159-->[androidx.compose.ui:ui-tooling-android:1.6.1] AndroidManifest.xml:23:9-25:39
160            android:name="androidx.compose.ui.tooling.PreviewActivity"
160-->[androidx.compose.ui:ui-tooling-android:1.6.1] AndroidManifest.xml:24:13-71
161            android:exported="true" />
161-->[androidx.compose.ui:ui-tooling-android:1.6.1] AndroidManifest.xml:25:13-36
162        <activity
162-->[androidx.compose.ui:ui-test-manifest:1.6.1] AndroidManifest.xml:23:9-25:39
163            android:name="androidx.activity.ComponentActivity"
163-->[androidx.compose.ui:ui-test-manifest:1.6.1] AndroidManifest.xml:24:13-63
164            android:exported="true" />
164-->[androidx.compose.ui:ui-test-manifest:1.6.1] AndroidManifest.xml:25:13-36
165
166        <meta-data
166-->[com.google.maps.android:android-maps-utils:3.7.0] AndroidManifest.xml:8:9-10:69
167            android:name="com.google.android.gms.version"
167-->[com.google.maps.android:android-maps-utils:3.7.0] AndroidManifest.xml:9:13-58
168            android:value="@integer/google_play_services_version" /> <!-- Needs to be explicitly declared on P+ -->
168-->[com.google.maps.android:android-maps-utils:3.7.0] AndroidManifest.xml:10:13-66
169        <uses-library
169-->[com.google.android.gms:play-services-maps:18.2.0] AndroidManifest.xml:39:9-41:40
170            android:name="org.apache.http.legacy"
170-->[com.google.android.gms:play-services-maps:18.2.0] AndroidManifest.xml:40:13-50
171            android:required="false" />
171-->[com.google.android.gms:play-services-maps:18.2.0] AndroidManifest.xml:41:13-37
172
173        <activity
173-->[com.google.android.gms:play-services-base:18.1.0] AndroidManifest.xml:20:9-22:45
174            android:name="com.google.android.gms.common.api.GoogleApiActivity"
174-->[com.google.android.gms:play-services-base:18.1.0] AndroidManifest.xml:20:19-85
175            android:exported="false"
175-->[com.google.android.gms:play-services-base:18.1.0] AndroidManifest.xml:22:19-43
176            android:theme="@android:style/Theme.Translucent.NoTitleBar" />
176-->[com.google.android.gms:play-services-base:18.1.0] AndroidManifest.xml:21:19-78
177
178        <service
178-->[androidx.room:room-runtime:2.6.1] AndroidManifest.xml:24:9-28:63
179            android:name="androidx.room.MultiInstanceInvalidationService"
179-->[androidx.room:room-runtime:2.6.1] AndroidManifest.xml:25:13-74
180            android:directBootAware="true"
180-->[androidx.room:room-runtime:2.6.1] AndroidManifest.xml:26:13-43
181            android:exported="false" />
181-->[androidx.room:room-runtime:2.6.1] AndroidManifest.xml:27:13-37
182        <service
182-->[androidx.work:work-runtime:2.9.0] AndroidManifest.xml:39:9-45:35
183            android:name="androidx.work.impl.background.systemalarm.SystemAlarmService"
183-->[androidx.work:work-runtime:2.9.0] AndroidManifest.xml:40:13-88
184            android:directBootAware="false"
184-->[androidx.work:work-runtime:2.9.0] AndroidManifest.xml:41:13-44
185            android:enabled="@bool/enable_system_alarm_service_default"
185-->[androidx.work:work-runtime:2.9.0] AndroidManifest.xml:42:13-72
186            android:exported="false" />
186-->[androidx.work:work-runtime:2.9.0] AndroidManifest.xml:43:13-37
187        <service
187-->[androidx.work:work-runtime:2.9.0] AndroidManifest.xml:46:9-52:35
188            android:name="androidx.work.impl.background.systemjob.SystemJobService"
188-->[androidx.work:work-runtime:2.9.0] AndroidManifest.xml:47:13-84
189            android:directBootAware="false"
189-->[androidx.work:work-runtime:2.9.0] AndroidManifest.xml:48:13-44
190            android:enabled="@bool/enable_system_job_service_default"
190-->[androidx.work:work-runtime:2.9.0] AndroidManifest.xml:49:13-70
191            android:exported="true"
191-->[androidx.work:work-runtime:2.9.0] AndroidManifest.xml:50:13-36
192            android:permission="android.permission.BIND_JOB_SERVICE" />
192-->[androidx.work:work-runtime:2.9.0] AndroidManifest.xml:51:13-69
193        <service
193-->[androidx.work:work-runtime:2.9.0] AndroidManifest.xml:53:9-59:35
194            android:name="androidx.work.impl.foreground.SystemForegroundService"
194-->[androidx.work:work-runtime:2.9.0] AndroidManifest.xml:54:13-81
195            android:directBootAware="false"
195-->[androidx.work:work-runtime:2.9.0] AndroidManifest.xml:55:13-44
196            android:enabled="@bool/enable_system_foreground_service_default"
196-->[androidx.work:work-runtime:2.9.0] AndroidManifest.xml:56:13-77
197            android:exported="false" />
197-->[androidx.work:work-runtime:2.9.0] AndroidManifest.xml:57:13-37
198
199        <receiver
199-->[androidx.work:work-runtime:2.9.0] AndroidManifest.xml:61:9-66:35
200            android:name="androidx.work.impl.utils.ForceStopRunnable$BroadcastReceiver"
200-->[androidx.work:work-runtime:2.9.0] AndroidManifest.xml:62:13-88
201            android:directBootAware="false"
201-->[androidx.work:work-runtime:2.9.0] AndroidManifest.xml:63:13-44
202            android:enabled="true"
202-->[androidx.work:work-runtime:2.9.0] AndroidManifest.xml:64:13-35
203            android:exported="false" />
203-->[androidx.work:work-runtime:2.9.0] AndroidManifest.xml:65:13-37
204        <receiver
204-->[androidx.work:work-runtime:2.9.0] AndroidManifest.xml:67:9-77:20
205            android:name="androidx.work.impl.background.systemalarm.ConstraintProxy$BatteryChargingProxy"
205-->[androidx.work:work-runtime:2.9.0] AndroidManifest.xml:68:13-106
206            android:directBootAware="false"
206-->[androidx.work:work-runtime:2.9.0] AndroidManifest.xml:69:13-44
207            android:enabled="false"
207-->[androidx.work:work-runtime:2.9.0] AndroidManifest.xml:70:13-36
208            android:exported="false" >
208-->[androidx.work:work-runtime:2.9.0] AndroidManifest.xml:71:13-37
209            <intent-filter>
209-->[androidx.work:work-runtime:2.9.0] AndroidManifest.xml:73:13-76:29
210                <action android:name="android.intent.action.ACTION_POWER_CONNECTED" />
210-->[androidx.work:work-runtime:2.9.0] AndroidManifest.xml:74:17-87
210-->[androidx.work:work-runtime:2.9.0] AndroidManifest.xml:74:25-84
211                <action android:name="android.intent.action.ACTION_POWER_DISCONNECTED" />
211-->[androidx.work:work-runtime:2.9.0] AndroidManifest.xml:75:17-90
211-->[androidx.work:work-runtime:2.9.0] AndroidManifest.xml:75:25-87
212            </intent-filter>
213        </receiver>
214        <receiver
214-->[androidx.work:work-runtime:2.9.0] AndroidManifest.xml:78:9-88:20
215            android:name="androidx.work.impl.background.systemalarm.ConstraintProxy$BatteryNotLowProxy"
215-->[androidx.work:work-runtime:2.9.0] AndroidManifest.xml:79:13-104
216            android:directBootAware="false"
216-->[androidx.work:work-runtime:2.9.0] AndroidManifest.xml:80:13-44
217            android:enabled="false"
217-->[androidx.work:work-runtime:2.9.0] AndroidManifest.xml:81:13-36
218            android:exported="false" >
218-->[androidx.work:work-runtime:2.9.0] AndroidManifest.xml:82:13-37
219            <intent-filter>
219-->[androidx.work:work-runtime:2.9.0] AndroidManifest.xml:84:13-87:29
220                <action android:name="android.intent.action.BATTERY_OKAY" />
220-->[androidx.work:work-runtime:2.9.0] AndroidManifest.xml:85:17-77
220-->[androidx.work:work-runtime:2.9.0] AndroidManifest.xml:85:25-74
221                <action android:name="android.intent.action.BATTERY_LOW" />
221-->[androidx.work:work-runtime:2.9.0] AndroidManifest.xml:86:17-76
221-->[androidx.work:work-runtime:2.9.0] AndroidManifest.xml:86:25-73
222            </intent-filter>
223        </receiver>
224        <receiver
224-->[androidx.work:work-runtime:2.9.0] AndroidManifest.xml:89:9-99:20
225            android:name="androidx.work.impl.background.systemalarm.ConstraintProxy$StorageNotLowProxy"
225-->[androidx.work:work-runtime:2.9.0] AndroidManifest.xml:90:13-104
226            android:directBootAware="false"
226-->[androidx.work:work-runtime:2.9.0] AndroidManifest.xml:91:13-44
227            android:enabled="false"
227-->[androidx.work:work-runtime:2.9.0] AndroidManifest.xml:92:13-36
228            android:exported="false" >
228-->[androidx.work:work-runtime:2.9.0] AndroidManifest.xml:93:13-37
229            <intent-filter>
229-->[androidx.work:work-runtime:2.9.0] AndroidManifest.xml:95:13-98:29
230                <action android:name="android.intent.action.DEVICE_STORAGE_LOW" />
230-->[androidx.work:work-runtime:2.9.0] AndroidManifest.xml:96:17-83
230-->[androidx.work:work-runtime:2.9.0] AndroidManifest.xml:96:25-80
231                <action android:name="android.intent.action.DEVICE_STORAGE_OK" />
231-->[androidx.work:work-runtime:2.9.0] AndroidManifest.xml:97:17-82
231-->[androidx.work:work-runtime:2.9.0] AndroidManifest.xml:97:25-79
232            </intent-filter>
233        </receiver>
234        <receiver
234-->[androidx.work:work-runtime:2.9.0] AndroidManifest.xml:100:9-109:20
235            android:name="androidx.work.impl.background.systemalarm.ConstraintProxy$NetworkStateProxy"
235-->[androidx.work:work-runtime:2.9.0] AndroidManifest.xml:101:13-103
236            android:directBootAware="false"
236-->[androidx.work:work-runtime:2.9.0] AndroidManifest.xml:102:13-44
237            android:enabled="false"
237-->[androidx.work:work-runtime:2.9.0] AndroidManifest.xml:103:13-36
238            android:exported="false" >
238-->[androidx.work:work-runtime:2.9.0] AndroidManifest.xml:104:13-37
239            <intent-filter>
239-->[androidx.work:work-runtime:2.9.0] AndroidManifest.xml:106:13-108:29
240                <action android:name="android.net.conn.CONNECTIVITY_CHANGE" />
240-->[androidx.work:work-runtime:2.9.0] AndroidManifest.xml:107:17-79
240-->[androidx.work:work-runtime:2.9.0] AndroidManifest.xml:107:25-76
241            </intent-filter>
242        </receiver>
243        <receiver
243-->[androidx.work:work-runtime:2.9.0] AndroidManifest.xml:110:9-121:20
244            android:name="androidx.work.impl.background.systemalarm.RescheduleReceiver"
244-->[androidx.work:work-runtime:2.9.0] AndroidManifest.xml:111:13-88
245            android:directBootAware="false"
245-->[androidx.work:work-runtime:2.9.0] AndroidManifest.xml:112:13-44
246            android:enabled="false"
246-->[androidx.work:work-runtime:2.9.0] AndroidManifest.xml:113:13-36
247            android:exported="false" >
247-->[androidx.work:work-runtime:2.9.0] AndroidManifest.xml:114:13-37
248            <intent-filter>
248-->[androidx.work:work-runtime:2.9.0] AndroidManifest.xml:116:13-120:29
249                <action android:name="android.intent.action.BOOT_COMPLETED" />
249-->src\main\AndroidManifest.xml:77:17-79
249-->src\main\AndroidManifest.xml:77:25-76
250                <action android:name="android.intent.action.TIME_SET" />
250-->[androidx.work:work-runtime:2.9.0] AndroidManifest.xml:118:17-73
250-->[androidx.work:work-runtime:2.9.0] AndroidManifest.xml:118:25-70
251                <action android:name="android.intent.action.TIMEZONE_CHANGED" />
251-->[androidx.work:work-runtime:2.9.0] AndroidManifest.xml:119:17-81
251-->[androidx.work:work-runtime:2.9.0] AndroidManifest.xml:119:25-78
252            </intent-filter>
253        </receiver>
254        <receiver
254-->[androidx.work:work-runtime:2.9.0] AndroidManifest.xml:122:9-131:20
255            android:name="androidx.work.impl.background.systemalarm.ConstraintProxyUpdateReceiver"
255-->[androidx.work:work-runtime:2.9.0] AndroidManifest.xml:123:13-99
256            android:directBootAware="false"
256-->[androidx.work:work-runtime:2.9.0] AndroidManifest.xml:124:13-44
257            android:enabled="@bool/enable_system_alarm_service_default"
257-->[androidx.work:work-runtime:2.9.0] AndroidManifest.xml:125:13-72
258            android:exported="false" >
258-->[androidx.work:work-runtime:2.9.0] AndroidManifest.xml:126:13-37
259            <intent-filter>
259-->[androidx.work:work-runtime:2.9.0] AndroidManifest.xml:128:13-130:29
260                <action android:name="androidx.work.impl.background.systemalarm.UpdateProxies" />
260-->[androidx.work:work-runtime:2.9.0] AndroidManifest.xml:129:17-98
260-->[androidx.work:work-runtime:2.9.0] AndroidManifest.xml:129:25-95
261            </intent-filter>
262        </receiver>
263        <receiver
263-->[androidx.work:work-runtime:2.9.0] AndroidManifest.xml:132:9-142:20
264            android:name="androidx.work.impl.diagnostics.DiagnosticsReceiver"
264-->[androidx.work:work-runtime:2.9.0] AndroidManifest.xml:133:13-78
265            android:directBootAware="false"
265-->[androidx.work:work-runtime:2.9.0] AndroidManifest.xml:134:13-44
266            android:enabled="true"
266-->[androidx.work:work-runtime:2.9.0] AndroidManifest.xml:135:13-35
267            android:exported="true"
267-->[androidx.work:work-runtime:2.9.0] AndroidManifest.xml:136:13-36
268            android:permission="android.permission.DUMP" >
268-->[androidx.work:work-runtime:2.9.0] AndroidManifest.xml:137:13-57
269            <intent-filter>
269-->[androidx.work:work-runtime:2.9.0] AndroidManifest.xml:139:13-141:29
270                <action android:name="androidx.work.diagnostics.REQUEST_DIAGNOSTICS" />
270-->[androidx.work:work-runtime:2.9.0] AndroidManifest.xml:140:17-88
270-->[androidx.work:work-runtime:2.9.0] AndroidManifest.xml:140:25-85
271            </intent-filter>
272        </receiver>
273        <receiver
273-->[androidx.profileinstaller:profileinstaller:1.3.1] AndroidManifest.xml:34:9-52:20
274            android:name="androidx.profileinstaller.ProfileInstallReceiver"
274-->[androidx.profileinstaller:profileinstaller:1.3.1] AndroidManifest.xml:35:13-76
275            android:directBootAware="false"
275-->[androidx.profileinstaller:profileinstaller:1.3.1] AndroidManifest.xml:36:13-44
276            android:enabled="true"
276-->[androidx.profileinstaller:profileinstaller:1.3.1] AndroidManifest.xml:37:13-35
277            android:exported="true"
277-->[androidx.profileinstaller:profileinstaller:1.3.1] AndroidManifest.xml:38:13-36
278            android:permission="android.permission.DUMP" >
278-->[androidx.profileinstaller:profileinstaller:1.3.1] AndroidManifest.xml:39:13-57
279            <intent-filter>
279-->[androidx.profileinstaller:profileinstaller:1.3.1] AndroidManifest.xml:40:13-42:29
280                <action android:name="androidx.profileinstaller.action.INSTALL_PROFILE" />
280-->[androidx.profileinstaller:profileinstaller:1.3.1] AndroidManifest.xml:41:17-91
280-->[androidx.profileinstaller:profileinstaller:1.3.1] AndroidManifest.xml:41:25-88
281            </intent-filter>
282            <intent-filter>
282-->[androidx.profileinstaller:profileinstaller:1.3.1] AndroidManifest.xml:43:13-45:29
283                <action android:name="androidx.profileinstaller.action.SKIP_FILE" />
283-->[androidx.profileinstaller:profileinstaller:1.3.1] AndroidManifest.xml:44:17-85
283-->[androidx.profileinstaller:profileinstaller:1.3.1] AndroidManifest.xml:44:25-82
284            </intent-filter>
285            <intent-filter>
285-->[androidx.profileinstaller:profileinstaller:1.3.1] AndroidManifest.xml:46:13-48:29
286                <action android:name="androidx.profileinstaller.action.SAVE_PROFILE" />
286-->[androidx.profileinstaller:profileinstaller:1.3.1] AndroidManifest.xml:47:17-88
286-->[androidx.profileinstaller:profileinstaller:1.3.1] AndroidManifest.xml:47:25-85
287            </intent-filter>
288            <intent-filter>
288-->[androidx.profileinstaller:profileinstaller:1.3.1] AndroidManifest.xml:49:13-51:29
289                <action android:name="androidx.profileinstaller.action.BENCHMARK_OPERATION" />
289-->[androidx.profileinstaller:profileinstaller:1.3.1] AndroidManifest.xml:50:17-95
289-->[androidx.profileinstaller:profileinstaller:1.3.1] AndroidManifest.xml:50:25-92
290            </intent-filter>
291        </receiver>
292    </application>
293
294</manifest>